[debug] [2022-12-07T06:16:57.376Z] ----------------------------------------------------------------------
[debug] [2022-12-07T06:16:57.378Z] Command:       C:\Program Files\nodejs\node.exe C:\Users\kumar\AppData\Roaming\npm\node_modules\firebase-tools\lib\bin\firebase.js init
[debug] [2022-12-07T06:16:57.378Z] CLI Version:   11.17.0
[debug] [2022-12-07T06:16:57.378Z] Platform:      win32
[debug] [2022-12-07T06:16:57.378Z] Node Version:  v16.17.0
[debug] [2022-12-07T06:16:57.379Z] Time:          Wed Dec 07 2022 11:46:57 GMT+0530 (India Standard Time)
[debug] [2022-12-07T06:16:57.379Z] ----------------------------------------------------------------------
[debug] 
[debug] [2022-12-07T06:16:57.384Z] > command requires scopes: ["email","openid","https://www.googleapis.com/auth/cloudplatformprojects.readonly","https://www.googleapis.com/auth/firebase","https://www.googleapis.com/auth/cloud-platform"]
[debug] [2022-12-07T06:16:57.385Z] > authorizing via signed-in user (urbanboy2501@gmail.com)
[info] 
     ######## #### ########  ######## ########     ###     ######  ########
     ##        ##  ##     ## ##       ##     ##  ##   ##  ##       ##
     ######    ##  ########  ######   ########  #########  ######  ######
     ##        ##  ##    ##  ##       ##     ## ##     ##       ## ##
     ##       #### ##     ## ######## ########  ##     ##  ######  ########

You're about to initialize a Firebase project in this directory:

  C:\Projects\TravelFlapNew\TravelFlap

Before we get started, keep in mind:

  * You are currently outside your home directory

